<?xml version="1.0" encoding="UTF-8"?>
<!-- Generated by org.testng.reporters.JUnitReportReporter -->
<testsuite hostname="Gitanjalee" failures="0" tests="1" name="TestScripts.DigitalDownload.DigitalDownload" time="3.261" errors="0" timestamp="2024-07-26T12:51:19 IST" skipped="0">
  <testcase classname="TestScripts.DigitalDownload.DigitalDownload" name="verify_User_Is_Able_To_Click_Digital_Downloads" time="3.261"/>
  <system-out>
    <![CDATA[This is digital-downloads Page]]>
  </system-out>
</testsuite> <!-- TestScripts.DigitalDownload.DigitalDownload -->
