<?xml version="1.0" encoding="UTF-8"?>
<!-- Generated by org.testng.reporters.JUnitReportReporter -->
<testsuite hostname="Gitanjalee" failures="0" tests="1" name="TestScripts.WishListTestCase.WishListTestCase" time="7.197" errors="0" timestamp="2024-07-26T12:47:34 IST" skipped="0">
  <testcase classname="TestScripts.WishListTestCase.WishListTestCase" name="verify_User_Is_Able_To_Add_Product_To_Wishlist" time="7.197"/>
  <system-out>
    <![CDATA[Books Page Is Displayed
Fiction EX Page Is Displayed
WishList Page Page Is Displayed
verify_User_Is_Able_To_Add_Product_To_Wishlist TestCase Pass]]>
  </system-out>
</testsuite> <!-- TestScripts.WishListTestCase.WishListTestCase -->
