<?xml version="1.0" encoding="UTF-8"?>
<!-- Generated by org.testng.reporters.JUnitReportReporter -->
<testsuite hostname="Gitanjalee" failures="0" tests="1" name="TestScripts.BlueJeansAddToCart.BlueJeansAddToCart" time="6.631" errors="0" timestamp="2024-07-26T13:46:41 IST" skipped="0">
  <testcase classname="TestScripts.BlueJeansAddToCart.BlueJeansAddToCart" name="Verify_User_Is_Able_to_Add_BlueJeans_to_The_Cart" time="6.631"/>
  <system-out>
    <![CDATA[Search Page Displayed
Shopping Cart page is displayed
Blue Jeans is displayed in Search Page
Quantities are Same]]>
  </system-out>
</testsuite> <!-- TestScripts.BlueJeansAddToCart.BlueJeansAddToCart -->
