<?xml version="1.0" encoding="UTF-8"?>
<!-- Generated by org.testng.reporters.JUnitReportReporter -->
<testsuite hostname="Gitanjalee" failures="0" tests="1" name="TestScripts.AddToCartTestCase.AccessoriesAddToCart" time="11.079" errors="0" timestamp="2024-07-26T12:55:15 IST" skipped="0">
  <testcase classname="TestScripts.AddToCartTestCase.AccessoriesAddToCart" name="Verify_User_Is_Able_To_Add_Accessories_Products_To_The_AddToCart_AddToWishList" time="11.079"/>
  <system-out>
    <![CDATA[Computers Page is displayed
Accessories Page is displayed
TCP page is Displayed
Shopping Cart Page is displayed
Product Is Displayed in Shopping Cart Page
Wishlist page is Displayed
Product Is Displayed in WishList]]>
  </system-out>
</testsuite> <!-- TestScripts.AddToCartTestCase.AccessoriesAddToCart -->
