<?xml version="1.0" encoding="UTF-8"?>
<!-- Generated by org.testng.reporters.JUnitReportReporter -->
<testsuite hostname="Gitanjalee" failures="0" tests="5" name="TestScripts.Register.RegisterTestCase" time="31.535" errors="0" timestamp="2024-07-26T12:49:12 IST" skipped="0">
  <testcase classname="TestScripts.Register.RegisterTestCase" name="verify_User_Is_Able_To_Register" time="6.091"/>
  <system-out>
    <![CDATA[LogOut Successful
Registration Page is Displayed
Your registration completed
Registration Successfull]]>
  </system-out>
  <testcase classname="TestScripts.Register.RegisterTestCase" name="verify_User_Is_Able_To_Register" time="6.319"/>
  <system-out>
    <![CDATA[LogOut Successful
Registration Page is Displayed
Your registration completed
Registration Successfull]]>
  </system-out>
  <testcase classname="TestScripts.Register.RegisterTestCase" name="verify_User_Is_Able_To_Register" time="6.314"/>
  <system-out>
    <![CDATA[LogOut Successful
Registration Page is Displayed
Your registration completed
Registration Successfull]]>
  </system-out>
  <testcase classname="TestScripts.Register.RegisterTestCase" name="verify_User_Is_Able_To_Register" time="6.344"/>
  <system-out>
    <![CDATA[LogOut Successful
Registration Page is Displayed
Your registration completed
Registration Successfull]]>
  </system-out>
  <testcase classname="TestScripts.Register.RegisterTestCase" name="verify_User_Is_Able_To_Register" time="6.467"/>
  <system-out>
    <![CDATA[LogOut Successful
Registration Page is Displayed
Your registration completed
Registration Successfull]]>
  </system-out>
</testsuite> <!-- TestScripts.Register.RegisterTestCase -->
