<?xml version="1.0" encoding="UTF-8"?>
<!-- Generated by org.testng.reporters.JUnitReportReporter -->
<testsuite hostname="Gitanjalee" failures="0" tests="1" name="TestScripts.AddToCartTestCase.AddToCartTestCase" time="8.837" errors="0" timestamp="2024-07-26T13:00:33 IST" skipped="0">
  <testcase classname="TestScripts.AddToCartTestCase.AddToCartTestCase" name="Verify_User_Is_Able_To_Add_Products_To_The_AddToCart" time="8.837"/>
  <system-out>
    <![CDATA[This is digital-downloads Page
Shopping Cart page is displayed
Products are Added]]>
  </system-out>
</testsuite> <!-- TestScripts.AddToCartTestCase.AddToCartTestCase -->
